<?xml version="1.0" encoding="UTF-8"?>
<primaryDocument visible="true" version="1.0">
	<indexCard>
		<title>Test Document</title>
		<authors>

		</authors>
	</indexCard>

</primaryDocument>