<?xml version="1.0" encoding="UTF-8"?>
<primaryDocument visible="true" version="1.0">
	<indexCard>
		<title>Test Document</title>
		<authors>
			<individualAuthors>
				<individualAuthor>
					<fullName>Terrence C. Watson</fullName>
					<displayName>Terrence Watson</displayName>
				</individualAuthor>
				<individualAuthor>
					<fullName>Scott Reid</fullName>
					<displayName>Scott Reid</displayName>
				</individualAuthor>
				<individualAuthor>

				</individualAuthor>
			</individualAuthors>
		</authors>
	</indexCard>

</primaryDocument>